<?xml version="1.0" encoding="UTF-8"?>
<testng-results skipped="0" failed="0" ignored="1" total="2" passed="1">
  <reporter-output>
  </reporter-output>
  <suite name="Default suite" duration-ms="5881" started-at="2019-01-31T06:51:07Z" finished-at="2019-01-31T06:51:13Z">
    <groups>
    </groups>
    <test name="Default test" duration-ms="5881" started-at="2019-01-31T06:51:07Z" finished-at="2019-01-31T06:51:13Z">
      <class name="testSuites.TestSuites">
        <test-method status="PASS" signature="myTest()[pri:0, instance:testSuites.TestSuites@1984b1f]" name="myTest" duration-ms="5831" started-at="2019-01-31T06:51:07Z" finished-at="2019-01-31T06:51:13Z">
          <reporter-output>
          </reporter-output>
        </test-method> <!-- myTest -->
      </class> <!-- testSuites.TestSuites -->
    </test> <!-- Default test -->
  </suite> <!-- Default suite -->
</testng-results>
